<?xml version="1.0" encoding="UTF-8"?>
<testng-results ignored="0" total="1" passed="1" failed="0" skipped="0">
  <reporter-output>
  </reporter-output>
  <suite started-at="2020-09-03T13:23:41Z" name="Default suite" finished-at="2020-09-03T13:23:44Z" duration-ms="2066">
    <groups>
    </groups>
    <test started-at="2020-09-03T13:23:41Z" name="Default test" finished-at="2020-09-03T13:23:44Z" duration-ms="2066">
      <class name="learning.test">
        <test-method is-config="true" signature="initialize()[pri:0, instance:learning.test@55c53a33]" started-at="2020-09-03T13:23:41Z" name="initialize" finished-at="2020-09-03T13:23:42Z" duration-ms="389" status="PASS">
          <reporter-output>
          </reporter-output>
        </test-method> <!-- initialize -->
        <test-method signature="ReqresGetRequest()[pri:0, instance:learning.test@55c53a33]" started-at="2020-09-03T13:23:42Z" name="ReqresGetRequest" finished-at="2020-09-03T13:23:44Z" duration-ms="1657" status="PASS">
          <reporter-output>
          </reporter-output>
        </test-method> <!-- ReqresGetRequest -->
      </class> <!-- learning.test -->
    </test> <!-- Default test -->
  </suite> <!-- Default suite -->
</testng-results>
